<?xml version="1.0" encoding="UTF-8"?>
<!-- Generated by org.testng.reporters.JUnitReportReporter -->
<testsuite hostname="Administrator" failures="0" tests="1" name="test.addFieldToForm" time="0.000" errors="0" timestamp="2025-02-08T22:05:16 GMT+03:00" skipped="1">
  <testcase classname="test.addFieldToForm" name="addFields" time="0.000">
    <skipped/>
  </testcase> <!-- addFields -->
</testsuite> <!-- test.addFieldToForm -->
