<?xml version="1.0" encoding="UTF-8"?>
<!-- Generated by org.testng.reporters.JUnitReportReporter -->
<testsuite hostname="Administrator" failures="0" tests="1" name="test.createNewForm" time="11.203" errors="0" timestamp="2025-02-08T22:06:52 GMT+03:00" skipped="0">
  <testcase classname="test.createNewForm" name="createForm" time="11.203"/>
</testsuite> <!-- test.createNewForm -->
