<?xml version="1.0" encoding="UTF-8"?>
<!-- Generated by org.testng.reporters.JUnitReportReporter -->
<testsuite hostname="Administrator" failures="0" tests="1" name="test.addDefaultValueToField" time="37.235" errors="0" timestamp="2025-02-08T22:14:27 GMT+03:00" skipped="0">
  <testcase classname="test.addDefaultValueToField" name="addFields" time="37.235"/>
</testsuite> <!-- test.addDefaultValueToField -->
